<?xml version="1.0" encoding="UTF-8"?>
<!-- Generated by org.testng.reporters.JUnitXMLReporter -->
<testsuite ignored="2" hostname="CDC2-L-128FWTF" failures="1" tests="1" name="Default test" time="20.758" errors="0" timestamp="2022-03-16T10:29:28 IST">
  <testcase classname="GetRequest.GetData" name="getAirquality_AC3" time="14.247">
    <failure type="junit.framework.AssertionFailedError" message="expected:&amp;lt;{&amp;quot;no2&amp;quot;:24.375,&amp;quot;mold_level&amp;quot;:0,&amp;quot;o3&amp;quot;:46,&amp;quot;pm25&amp;quot;:20.4,&amp;quot;predominant_pollen_type&amp;quot;:&amp;quot;Trees&amp;quot;,&amp;quot;so2&amp;quot;:0,&amp;quot;pollen_level_grass&amp;quot;:1,&amp;quot;aqi&amp;quot;:68,&amp;quot;pm10&amp;quot;:29,&amp;quot;co&amp;quot;:446.55,&amp;quot;pollen_level_tree&amp;quot;:3,&amp;quot;pollen_level_weed&amp;quot;:1}&amp;gt; but was:&amp;lt;nullschema.json&amp;gt;">
      <![CDATA[junit.framework.AssertionFailedError: expected:<{"no2":24.375,"mold_level":0,"o3":46,"pm25":20.4,"predominant_pollen_type":"Trees","so2":0,"pollen_level_grass":1,"aqi":68,"pm10":29,"co":446.55,"pollen_level_tree":3,"pollen_level_weed":1}> but was:<nullschema.json>
at junit.framework.Assert.fail(Assert.java:50)
at junit.framework.Assert.failNotEquals(Assert.java:287)
at junit.framework.Assert.assertEquals(Assert.java:67)
at junit.framework.Assert.assertEquals(Assert.java:74)
at GetRequest.GetData.getAirquality_AC3(GetData.java:154)
at java.base/jdk.internal.reflect.NativeMethodAccessorImpl.invoke0(Native Method)
at java.base/jdk.internal.reflect.NativeMethodAccessorImpl.invoke(NativeMethodAccessorImpl.java:77)
at java.base/jdk.internal.reflect.DelegatingMethodAccessorImpl.invoke(DelegatingMethodAccessorImpl.java:43)
at java.base/java.lang.reflect.Method.invoke(Method.java:568)
at org.testng.internal.MethodInvocationHelper.invokeMethod(MethodInvocationHelper.java:133)
at org.testng.internal.TestInvoker.invokeMethod(TestInvoker.java:598)
at org.testng.internal.TestInvoker.invokeTestMethod(TestInvoker.java:173)
at org.testng.internal.MethodRunner.runInSequence(MethodRunner.java:46)
at org.testng.internal.TestInvoker$MethodInvocationAgent.invoke(TestInvoker.java:824)
at org.testng.internal.TestInvoker.invokeTestMethods(TestInvoker.java:146)
at org.testng.internal.TestMethodWorker.invokeTestMethods(TestMethodWorker.java:146)
at org.testng.internal.TestMethodWorker.run(TestMethodWorker.java:128)
at java.base/java.util.ArrayList.forEach(ArrayList.java:1511)
at org.testng.TestRunner.privateRun(TestRunner.java:794)
at org.testng.TestRunner.run(TestRunner.java:596)
at org.testng.SuiteRunner.runTest(SuiteRunner.java:377)
at org.testng.SuiteRunner.runSequentially(SuiteRunner.java:371)
at org.testng.SuiteRunner.privateRun(SuiteRunner.java:332)
at org.testng.SuiteRunner.run(SuiteRunner.java:276)
at org.testng.SuiteRunnerWorker.runSuite(SuiteRunnerWorker.java:53)
at org.testng.SuiteRunnerWorker.run(SuiteRunnerWorker.java:96)
at org.testng.TestNG.runSuitesSequentially(TestNG.java:1212)
at org.testng.TestNG.runSuitesLocally(TestNG.java:1134)
at org.testng.TestNG.runSuites(TestNG.java:1063)
at org.testng.TestNG.run(TestNG.java:1031)
at org.testng.remote.AbstractRemoteTestNG.run(AbstractRemoteTestNG.java:115)
at org.testng.remote.RemoteTestNG.initAndRun(RemoteTestNG.java:251)
at org.testng.remote.RemoteTestNG.main(RemoteTestNG.java:77)
]]>
    </failure>
  </testcase> <!-- getAirquality_AC3 -->
  <testcase classname="GetRequest.GetData" name="getWeather_AC2" time="0.0">
    <ignored/>
  </testcase> <!-- getWeather_AC2 -->
  <testcase classname="GetRequest.GetData" name="getWeather_AC1" time="0.0">
    <ignored/>
  </testcase> <!-- getWeather_AC1 -->
</testsuite> <!-- Default test -->
