<?xml version="1.0" encoding="UTF-8"?>
<!-- Generated by org.testng.reporters.JUnitXMLReporter -->
<testsuite ignored="0" hostname="CDC2-L-128FWTF" failures="0" tests="3" name="Default test" time="4.403" errors="0" timestamp="2022-03-22T10:07:59 IST">
  <testcase classname="GetRequest.TechTest" name="getAirquality_AC3" time="2.334"/>
  <testcase classname="GetRequest.TechTest" name="getWeather_Cities_AC2" time="0.281"/>
  <testcase classname="GetRequest.TechTest" name="getWeather_Lat_Lon_AC1" time="1.738"/>
</testsuite> <!-- Default test -->
