<?xml version="1.0" encoding="UTF-8"?>
<!-- Generated by org.testng.reporters.JUnitXMLReporter -->
<testsuite ignored="0" hostname="CDC2-L-128FWTF" failures="0" tests="3" name="Test" time="4.531" errors="0" timestamp="2022-03-22T10:18:20 IST">
  <testcase classname="GetRequest.TechTest" name="getAirquality_AC3" time="2.427"/>
  <testcase classname="GetRequest.TechTest" name="getWeather_Cities_AC2" time="0.28"/>
  <testcase classname="GetRequest.TechTest" name="getWeather_Lat_Lon_AC1" time="1.772"/>
</testsuite> <!-- Test -->
