<?xml version="1.0" encoding="UTF-8"?>
<testng-results ignored="0" total="3" passed="3" failed="0" skipped="0">
  <reporter-output>
  </reporter-output>
  <suite started-at="2022-03-22T10:18:15 IST" name="Suite" finished-at="2022-03-22T10:18:20 IST" duration-ms="4531">
    <groups>
    </groups>
    <test started-at="2022-03-22T10:18:15 IST" name="Test" finished-at="2022-03-22T10:18:20 IST" duration-ms="4531">
      <class name="GetRequest.TechTest">
        <test-method signature="getAirquality_AC3()[pri:0, instance:GetRequest.TechTest@1613674b]" started-at="2022-03-22T10:18:15 IST" name="getAirquality_AC3" finished-at="2022-03-22T10:18:18 IST" duration-ms="2427" status="PASS">
          <reporter-output>
          </reporter-output>
        </test-method> <!-- getAirquality_AC3 -->
        <test-method signature="getWeather_Cities_AC2()[pri:0, instance:GetRequest.TechTest@1613674b]" started-at="2022-03-22T10:18:18 IST" name="getWeather_Cities_AC2" finished-at="2022-03-22T10:18:18 IST" duration-ms="280" status="PASS">
          <reporter-output>
          </reporter-output>
        </test-method> <!-- getWeather_Cities_AC2 -->
        <test-method signature="getWeather_Lat_Lon_AC1()[pri:0, instance:GetRequest.TechTest@1613674b]" started-at="2022-03-22T10:18:18 IST" name="getWeather_Lat_Lon_AC1" finished-at="2022-03-22T10:18:20 IST" duration-ms="1772" status="PASS">
          <reporter-output>
          </reporter-output>
        </test-method> <!-- getWeather_Lat_Lon_AC1 -->
      </class> <!-- GetRequest.TechTest -->
    </test> <!-- Test -->
  </suite> <!-- Suite -->
</testng-results>
